The system is: Linux - 5.8.0-63-generic - x86_64
Compiling the CXX compiler identification source file "CMakeCXXCompilerId.cpp" succeeded.
Compiler: /opt/rocm/bin/hipcc 
Build flags: 
Id flags:  

The output was:
0


Compilation of the CXX compiler identification source "CMakeCXXCompilerId.cpp" produced "a.out"

The CXX compiler identification is Clang, found in "/home/ugrad/ugrad003/roctosycl/rocFFT/builddir/CMakeFiles/3.17.3/CompilerIdCXX/a.out"

Determining if the CXX compiler works passed with the following output:
Change Dir: /home/ugrad/ugrad003/roctosycl/rocFFT/builddir/CMakeFiles/CMakeTmp

Run Build Command(s):/usr/bin/make cmTC_dd4cd/fast && /usr/bin/make  -f CMakeFiles/cmTC_dd4cd.dir/build.make CMakeFiles/cmTC_dd4cd.dir/build
make[1]: Entering directory '/home/ugrad/ugrad003/roctosycl/rocFFT/builddir/CMakeFiles/CMakeTmp'
Building CXX object CMakeFiles/cmTC_dd4cd.dir/testCXXCompiler.cxx.o
/opt/rocm/bin/hipcc     -o CMakeFiles/cmTC_dd4cd.dir/testCXXCompiler.cxx.o -c /home/ugrad/ugrad003/roctosycl/rocFFT/builddir/CMakeFiles/CMakeTmp/testCXXCompiler.cxx
Linking CXX executable cmTC_dd4cd
/usr/bin/cmake -E cmake_link_script CMakeFiles/cmTC_dd4cd.dir/link.txt --verbose=1
/opt/rocm/bin/hipcc       CMakeFiles/cmTC_dd4cd.dir/testCXXCompiler.cxx.o  -o cmTC_dd4cd 
make[1]: Leaving directory '/home/ugrad/ugrad003/roctosycl/rocFFT/builddir/CMakeFiles/CMakeTmp'



Detecting CXX compiler ABI info compiled with the following output:
Change Dir: /home/ugrad/ugrad003/roctosycl/rocFFT/builddir/CMakeFiles/CMakeTmp

Run Build Command(s):/usr/bin/make cmTC_65b0a/fast && /usr/bin/make  -f CMakeFiles/cmTC_65b0a.dir/build.make CMakeFiles/cmTC_65b0a.dir/build
make[1]: Entering directory '/home/ugrad/ugrad003/roctosycl/rocFFT/builddir/CMakeFiles/CMakeTmp'
Building CXX object CMakeFiles/cmTC_65b0a.dir/CMakeCXXCompilerABI.cpp.o
/opt/rocm/bin/hipcc    -v -o CMakeFiles/cmTC_65b0a.dir/CMakeCXXCompilerABI.cpp.o -c /usr/share/cmake-3.17/Modules/CMakeCXXCompilerABI.cpp
clang version 12.0.0 (/src/external/llvm-project/clang 60f39e2924d51c1e8606f2135f95e9047fb1da5d)
Target: x86_64-unknown-linux-gnu
Thread model: posix
InstalledDir: /opt/rocm/llvm/bin
Found candidate GCC installation: /usr/lib/gcc/x86_64-linux-gnu/7
Found candidate GCC installation: /usr/lib/gcc/x86_64-linux-gnu/7.5.0
Found candidate GCC installation: /usr/lib/gcc/x86_64-linux-gnu/8
Selected GCC installation: /usr/lib/gcc/x86_64-linux-gnu/7.5.0
Candidate multilib: .;@m64
Candidate multilib: 32;@m32
Candidate multilib: x32;@mx32
Selected multilib: .;@m64
Found CUDA installation: /usr/local/cuda-10.2, version 10.2
Found HIP installation: /opt/rocm, version 3.9.20412-6d111f85
 "/opt/rocm-3.9.0/llvm/bin/clang-12" -cc1 -triple amdgcn-amd-amdhsa -aux-triple x86_64-unknown-linux-gnu -emit-obj --mrelax-relocations -disable-free -disable-llvm-verifier -discard-value-names -main-file-name CMakeCXXCompilerABI.cpp -mrelocation-model pic -pic-level 1 -mframe-pointer=none -fdenormal-fp-math-f32=preserve-sign,preserve-sign -fno-rounding-math -mconstructor-aliases -aux-target-cpu x86-64 -fcuda-is-device -mllvm -amdgpu-internalize-symbols -fcuda-allow-variadic-functions -fvisibility hidden -fapply-global-visibility-to-externs -mlink-builtin-bitcode /opt/rocm/amdgcn/bitcode/hip.bc -mlink-builtin-bitcode /opt/rocm/amdgcn/bitcode/ocml.bc -mlink-builtin-bitcode /opt/rocm/amdgcn/bitcode/ockl.bc -mlink-builtin-bitcode /opt/rocm/amdgcn/bitcode/oclc_daz_opt_on.bc -mlink-builtin-bitcode /opt/rocm/amdgcn/bitcode/oclc_unsafe_math_off.bc -mlink-builtin-bitcode /opt/rocm/amdgcn/bitcode/oclc_finite_only_off.bc -mlink-builtin-bitcode /opt/rocm/amdgcn/bitcode/oclc_correctly_rounded_sqrt_on.bc -mlink-builtin-bitcode /opt/rocm/amdgcn/bitcode/oclc_wavefrontsize64_on.bc -mlink-builtin-bitcode /opt/rocm/amdgcn/bitcode/oclc_isa_version_803.bc -target-cpu gfx803 -fno-split-dwarf-inlining -debugger-tuning=gdb -v -resource-dir /opt/rocm-3.9.0/llvm/lib/clang/12.0.0 -internal-isystem /opt/rocm-3.9.0/llvm/lib/clang/12.0.0/include/cuda_wrappers -internal-isystem /opt/rocm/include -include __clang_hip_runtime_wrapper.h -isystem /opt/rocm-3.9.0/llvm/lib/clang/12.0.0/include/.. -isystem /opt/rocm/hsa/include -isystem /opt/rocm/hip/include -D __HIP_ROCclr__ -D __HIP_ROCclr__ -I/opt/rocm/rocfft/include -I/opt/rocm/rocsparse/include -I/opt/rocm/rocblas/include -I/opt/rocm/hip/include -I/opt/rocm/hcc/include -I/opt/rocm/opencl/include -I/opt/rocm/rocm_smi/include -I/opt/rocm/hsa/include/hsa -I/opt/rocm/hsa/include -I/opt/rocm/include -I/usr/local/cuda/include -I. -internal-isystem /usr/lib/gcc/x86_64-linux-gnu/7.5.0/../../../../include/c++/7.5.0 -internal-isystem /usr/lib/gcc/x86_64-linux-gnu/7.5.0/../../../../include/x86_64-linux-gnu/c++/7.5.0 -internal-isystem /usr/lib/gcc/x86_64-linux-gnu/7.5.0/../../../../include/x86_64-linux-gnu/c++/7.5.0 -internal-isystem /usr/lib/gcc/x86_64-linux-gnu/7.5.0/../../../../include/c++/7.5.0/backward -internal-isystem /usr/lib/gcc/x86_64-linux-gnu/7.5.0/../../../../include/c++/7.5.0 -internal-isystem /usr/lib/gcc/x86_64-linux-gnu/7.5.0/../../../../include/x86_64-linux-gnu/c++/7.5.0 -internal-isystem /usr/lib/gcc/x86_64-linux-gnu/7.5.0/../../../../include/x86_64-linux-gnu/c++/7.5.0 -internal-isystem /usr/lib/gcc/x86_64-linux-gnu/7.5.0/../../../../include/c++/7.5.0/backward -internal-isystem /usr/local/include -internal-isystem /opt/rocm-3.9.0/llvm/lib/clang/12.0.0/include -internal-externc-isystem /usr/include/x86_64-linux-gnu -internal-externc-isystem /include -internal-externc-isystem /usr/include -internal-isystem /usr/local/include -internal-isystem /opt/rocm-3.9.0/llvm/lib/clang/12.0.0/include -internal-externc-isystem /usr/include/x86_64-linux-gnu -internal-externc-isystem /include -internal-externc-isystem /usr/include -O3 -std=c++11 -fdeprecated-macro -fno-autolink -fdebug-compilation-dir /home/ugrad/ugrad003/roctosycl/rocFFT/builddir/CMakeFiles/CMakeTmp -ferror-limit 19 -fhip-new-launch-api -fgnuc-version=4.2.1 -fcxx-exceptions -fexceptions -vectorize-loops -vectorize-slp -mllvm -amdgpu-early-inline-all=true -mllvm -amdgpu-function-calls=false -fcuda-allow-variadic-functions -faddrsig -o /tmp/CMakeCXXCompilerABI-gfx803-89f163.o -x hip /usr/share/cmake-3.17/Modules/CMakeCXXCompilerABI.cpp
clang -cc1 version 12.0.0 based upon LLVM 12.0.0git default target x86_64-unknown-linux-gnu
ignoring nonexistent directory "/opt/rocm/hcc/include"
ignoring nonexistent directory "/include"
ignoring nonexistent directory "/include"
ignoring duplicate directory "/opt/rocm/hsa/include"
  as it is a non-system directory that duplicates a system directory
ignoring duplicate directory "/opt/rocm/hip/include"
  as it is a non-system directory that duplicates a system directory
ignoring duplicate directory "/opt/rocm/include"
  as it is a non-system directory that duplicates a system directory
ignoring duplicate directory "/usr/lib/gcc/x86_64-linux-gnu/7.5.0/../../../../include/x86_64-linux-gnu/c++/7.5.0"
ignoring duplicate directory "/usr/lib/gcc/x86_64-linux-gnu/7.5.0/../../../../include/c++/7.5.0"
ignoring duplicate directory "/usr/lib/gcc/x86_64-linux-gnu/7.5.0/../../../../include/x86_64-linux-gnu/c++/7.5.0"
ignoring duplicate directory "/usr/lib/gcc/x86_64-linux-gnu/7.5.0/../../../../include/x86_64-linux-gnu/c++/7.5.0"
ignoring duplicate directory "/usr/lib/gcc/x86_64-linux-gnu/7.5.0/../../../../include/c++/7.5.0/backward"
ignoring duplicate directory "/usr/local/include"
ignoring duplicate directory "/opt/rocm-3.9.0/llvm/lib/clang/12.0.0/include"
ignoring duplicate directory "/usr/include/x86_64-linux-gnu"
ignoring duplicate directory "/usr/include"
ignoring duplicate directory "/usr/local/include"
ignoring duplicate directory "/opt/rocm-3.9.0/llvm/lib/clang/12.0.0/include"
ignoring duplicate directory "/usr/include"
#include "..." search starts here:
#include <...> search starts here:
 /opt/rocm/rocfft/include
 /opt/rocm/rocsparse/include
 /opt/rocm/rocblas/include
 /opt/rocm/opencl/include
 /opt/rocm/rocm_smi/include
 /opt/rocm/hsa/include/hsa
 /usr/local/cuda/include
 .
 /opt/rocm-3.9.0/llvm/lib/clang/12.0.0/include/..
 /opt/rocm/hsa/include
 /opt/rocm/hip/include
 /opt/rocm-3.9.0/llvm/lib/clang/12.0.0/include/cuda_wrappers
 /opt/rocm/include
 /usr/lib/gcc/x86_64-linux-gnu/7.5.0/../../../../include/c++/7.5.0
 /usr/lib/gcc/x86_64-linux-gnu/7.5.0/../../../../include/x86_64-linux-gnu/c++/7.5.0
 /usr/lib/gcc/x86_64-linux-gnu/7.5.0/../../../../include/c++/7.5.0/backward
 /usr/local/include
 /opt/rocm-3.9.0/llvm/lib/clang/12.0.0/include
 /usr/include/x86_64-linux-gnu
 /usr/include
End of search list.
 "/opt/rocm/llvm/bin/lld" -flavor gnu --no-undefined -shared -plugin-opt=-amdgpu-internalize-symbols -plugin-opt=mcpu=gfx803 -plugin-opt=O3 -plugin-opt=-amdgpu-early-inline-all=true -plugin-opt=-amdgpu-function-calls=false -o /tmp/CMakeCXXCompilerABI-gfx803-08b313.out /tmp/CMakeCXXCompilerABI-gfx803-89f163.o
 "/opt/rocm/llvm/bin/clang-offload-bundler" -type=o -targets=host-x86_64-unknown-linux,hip-amdgcn-amd-amdhsa-gfx803 -inputs=/dev/null,/tmp/CMakeCXXCompilerABI-gfx803-08b313.out -outputs=/tmp/CMakeCXXCompilerABI-0120b1.hipfb
 "/opt/rocm-3.9.0/llvm/bin/clang-12" -cc1 -triple x86_64-unknown-linux-gnu -aux-triple amdgcn-amd-amdhsa -emit-obj --mrelax-relocations -disable-free -disable-llvm-verifier -discard-value-names -main-file-name CMakeCXXCompilerABI.cpp -mrelocation-model static -mframe-pointer=none -fmath-errno -fno-rounding-math -mconstructor-aliases -munwind-tables -target-cpu x86-64 -fno-split-dwarf-inlining -debugger-tuning=gdb -v -resource-dir /opt/rocm-3.9.0/llvm/lib/clang/12.0.0 -internal-isystem /opt/rocm-3.9.0/llvm/lib/clang/12.0.0/include/cuda_wrappers -internal-isystem /opt/rocm/include -include __clang_hip_runtime_wrapper.h -isystem /opt/rocm-3.9.0/llvm/lib/clang/12.0.0/include/.. -isystem /opt/rocm/hsa/include -isystem /opt/rocm/hip/include -D __HIP_ROCclr__ -D __HIP_ROCclr__ -I/opt/rocm/rocfft/include -I/opt/rocm/rocsparse/include -I/opt/rocm/rocblas/include -I/opt/rocm/hip/include -I/opt/rocm/hcc/include -I/opt/rocm/opencl/include -I/opt/rocm/rocm_smi/include -I/opt/rocm/hsa/include/hsa -I/opt/rocm/hsa/include -I/opt/rocm/include -I/usr/local/cuda/include -I. -internal-isystem /usr/lib/gcc/x86_64-linux-gnu/7.5.0/../../../../include/c++/7.5.0 -internal-isystem /usr/lib/gcc/x86_64-linux-gnu/7.5.0/../../../../include/x86_64-linux-gnu/c++/7.5.0 -internal-isystem /usr/lib/gcc/x86_64-linux-gnu/7.5.0/../../../../include/x86_64-linux-gnu/c++/7.5.0 -internal-isystem /usr/lib/gcc/x86_64-linux-gnu/7.5.0/../../../../include/c++/7.5.0/backward -internal-isystem /usr/lib/gcc/x86_64-linux-gnu/7.5.0/../../../../include/c++/7.5.0 -internal-isystem /usr/lib/gcc/x86_64-linux-gnu/7.5.0/../../../../include/x86_64-linux-gnu/c++/7.5.0 -internal-isystem /usr/lib/gcc/x86_64-linux-gnu/7.5.0/../../../../include/x86_64-linux-gnu/c++/7.5.0 -internal-isystem /usr/lib/gcc/x86_64-linux-gnu/7.5.0/../../../../include/c++/7.5.0/backward -internal-isystem /usr/local/include -internal-isystem /opt/rocm-3.9.0/llvm/lib/clang/12.0.0/include -internal-externc-isystem /usr/include/x86_64-linux-gnu -internal-externc-isystem /include -internal-externc-isystem /usr/include -internal-isystem /usr/local/include -internal-isystem /opt/rocm-3.9.0/llvm/lib/clang/12.0.0/include -internal-externc-isystem /usr/include/x86_64-linux-gnu -internal-externc-isystem /include -internal-externc-isystem /usr/include -O3 -std=c++11 -fdeprecated-macro -fdebug-compilation-dir /home/ugrad/ugrad003/roctosycl/rocFFT/builddir/CMakeFiles/CMakeTmp -ferror-limit 19 -fhip-new-launch-api -fgnuc-version=4.2.1 -fcxx-exceptions -fexceptions -vectorize-loops -vectorize-slp -mllvm -amdgpu-early-inline-all=true -mllvm -amdgpu-function-calls=false -fcuda-include-gpubinary /tmp/CMakeCXXCompilerABI-0120b1.hipfb -fcuda-allow-variadic-functions -faddrsig -o CMakeFiles/cmTC_65b0a.dir/CMakeCXXCompilerABI.cpp.o -x hip /usr/share/cmake-3.17/Modules/CMakeCXXCompilerABI.cpp
clang -cc1 version 12.0.0 based upon LLVM 12.0.0git default target x86_64-unknown-linux-gnu
ignoring nonexistent directory "/opt/rocm/hcc/include"
ignoring nonexistent directory "/include"
ignoring nonexistent directory "/include"
ignoring duplicate directory "/opt/rocm/hsa/include"
  as it is a non-system directory that duplicates a system directory
ignoring duplicate directory "/opt/rocm/hip/include"
  as it is a non-system directory that duplicates a system directory
ignoring duplicate directory "/opt/rocm/include"
  as it is a non-system directory that duplicates a system directory
ignoring duplicate directory "/usr/lib/gcc/x86_64-linux-gnu/7.5.0/../../../../include/x86_64-linux-gnu/c++/7.5.0"
ignoring duplicate directory "/usr/lib/gcc/x86_64-linux-gnu/7.5.0/../../../../include/c++/7.5.0"
ignoring duplicate directory "/usr/lib/gcc/x86_64-linux-gnu/7.5.0/../../../../include/x86_64-linux-gnu/c++/7.5.0"
ignoring duplicate directory "/usr/lib/gcc/x86_64-linux-gnu/7.5.0/../../../../include/x86_64-linux-gnu/c++/7.5.0"
ignoring duplicate directory "/usr/lib/gcc/x86_64-linux-gnu/7.5.0/../../../../include/c++/7.5.0/backward"
ignoring duplicate directory "/usr/local/include"
ignoring duplicate directory "/opt/rocm-3.9.0/llvm/lib/clang/12.0.0/include"
ignoring duplicate directory "/usr/include/x86_64-linux-gnu"
ignoring duplicate directory "/usr/include"
#include "..." search starts here:
#include <...> search starts here:
 /opt/rocm/rocfft/include
 /opt/rocm/rocsparse/include
 /opt/rocm/rocblas/include
 /opt/rocm/opencl/include
 /opt/rocm/rocm_smi/include
 /opt/rocm/hsa/include/hsa
 /usr/local/cuda/include
 .
 /opt/rocm-3.9.0/llvm/lib/clang/12.0.0/include/..
 /opt/rocm/hsa/include
 /opt/rocm/hip/include
 /opt/rocm-3.9.0/llvm/lib/clang/12.0.0/include/cuda_wrappers
 /opt/rocm/include
 /usr/lib/gcc/x86_64-linux-gnu/7.5.0/../../../../include/c++/7.5.0
 /usr/lib/gcc/x86_64-linux-gnu/7.5.0/../../../../include/x86_64-linux-gnu/c++/7.5.0
 /usr/lib/gcc/x86_64-linux-gnu/7.5.0/../../../../include/c++/7.5.0/backward
 /usr/local/include
 /opt/rocm-3.9.0/llvm/lib/clang/12.0.0/include
 /usr/include/x86_64-linux-gnu
 /usr/include
End of search list.
Linking CXX executable cmTC_65b0a
/usr/bin/cmake -E cmake_link_script CMakeFiles/cmTC_65b0a.dir/link.txt --verbose=1
/opt/rocm/bin/hipcc      -v CMakeFiles/cmTC_65b0a.dir/CMakeCXXCompilerABI.cpp.o  -o cmTC_65b0a 
clang version 12.0.0 (/src/external/llvm-project/clang 60f39e2924d51c1e8606f2135f95e9047fb1da5d)
Target: x86_64-unknown-linux-gnu
Thread model: posix
InstalledDir: /opt/rocm/llvm/bin
Found candidate GCC installation: /usr/lib/gcc/x86_64-linux-gnu/7
Found candidate GCC installation: /usr/lib/gcc/x86_64-linux-gnu/7.5.0
Found candidate GCC installation: /usr/lib/gcc/x86_64-linux-gnu/8
Selected GCC installation: /usr/lib/gcc/x86_64-linux-gnu/7.5.0
Candidate multilib: .;@m64
Candidate multilib: 32;@m32
Candidate multilib: x32;@mx32
Selected multilib: .;@m64
Found CUDA installation: /usr/local/cuda-10.2, version 10.2
Found HIP installation: /opt/rocm, version 3.9.20412-6d111f85
 "/usr/bin/ld" -z relro --hash-style=gnu --eh-frame-hdr -m elf_x86_64 -dynamic-linker /lib64/ld-linux-x86-64.so.2 -o cmTC_65b0a /usr/lib/gcc/x86_64-linux-gnu/7.5.0/../../../x86_64-linux-gnu/crt1.o /usr/lib/gcc/x86_64-linux-gnu/7.5.0/../../../x86_64-linux-gnu/crti.o /usr/lib/gcc/x86_64-linux-gnu/7.5.0/crtbegin.o -L/opt/rocm/hip/lib -L/opt/rocm/llvm/bin/../lib/clang/12.0.0/lib/linux -L/usr/lib/gcc/x86_64-linux-gnu/7.5.0 -L/usr/lib/gcc/x86_64-linux-gnu/7.5.0/../../../x86_64-linux-gnu -L/lib/x86_64-linux-gnu -L/lib/../lib64 -L/usr/lib/x86_64-linux-gnu -L/usr/lib/gcc/x86_64-linux-gnu/7.5.0/../../.. -L/opt/rocm-3.9.0/llvm/bin/../lib -L/lib -L/usr/lib -L/opt/rocm/rocfft/lib -L/opt/rocm/rocsparse/lib -L/opt/rocm/rocblas/lib -L/opt/rocm/hip/lib -L/opt/rocm/hcc/lib -L/opt/rocm/opencl/lib/x86_64 -L/opt/rocm/rocm_smi/lib -L/opt/rocm/hsa/lib -L/opt/rocm/lib -L/usr/local/cuda/lib64/stubs -lgcc_s -lgcc -lpthread -lm CMakeFiles/cmTC_65b0a.dir/CMakeCXXCompilerABI.cpp.o --enable-new-dtags --rpath=/opt/rocm/hip/lib:/opt/rocm/lib -lamdhip64 -lclang_rt.builtins-x86_64 -lstdc++ -lm -lgcc_s -lgcc -lc -lgcc_s -lgcc /usr/lib/gcc/x86_64-linux-gnu/7.5.0/crtend.o /usr/lib/gcc/x86_64-linux-gnu/7.5.0/../../../x86_64-linux-gnu/crtn.o
make[1]: Leaving directory '/home/ugrad/ugrad003/roctosycl/rocFFT/builddir/CMakeFiles/CMakeTmp'



Parsed CXX implicit include dir info from above output: rv=done
  found start of include info
  found start of implicit include info
    add: [/opt/rocm/rocfft/include]
    add: [/opt/rocm/rocsparse/include]
    add: [/opt/rocm/rocblas/include]
    add: [/opt/rocm/opencl/include]
    add: [/opt/rocm/rocm_smi/include]
    add: [/opt/rocm/hsa/include/hsa]
    add: [/usr/local/cuda/include]
    add: [.]
    add: [/opt/rocm-3.9.0/llvm/lib/clang/12.0.0/include/..]
    add: [/opt/rocm/hsa/include]
    add: [/opt/rocm/hip/include]
    add: [/opt/rocm-3.9.0/llvm/lib/clang/12.0.0/include/cuda_wrappers]
    add: [/opt/rocm/include]
    add: [/usr/lib/gcc/x86_64-linux-gnu/7.5.0/../../../../include/c++/7.5.0]
    add: [/usr/lib/gcc/x86_64-linux-gnu/7.5.0/../../../../include/x86_64-linux-gnu/c++/7.5.0]
    add: [/usr/lib/gcc/x86_64-linux-gnu/7.5.0/../../../../include/c++/7.5.0/backward]
    add: [/usr/local/include]
    add: [/opt/rocm-3.9.0/llvm/lib/clang/12.0.0/include]
    add: [/usr/include/x86_64-linux-gnu]
    add: [/usr/include]
  end of search list found
  collapse include dir [/opt/rocm/rocfft/include] ==> [/opt/rocm/rocfft/include]
  collapse include dir [/opt/rocm/rocsparse/include] ==> [/opt/rocm/rocsparse/include]
  collapse include dir [/opt/rocm/rocblas/include] ==> [/opt/rocm/rocblas/include]
  collapse include dir [/opt/rocm/opencl/include] ==> [/opt/rocm/opencl/include]
  collapse include dir [/opt/rocm/rocm_smi/include] ==> [/opt/rocm/rocm_smi/include]
  collapse include dir [/opt/rocm/hsa/include/hsa] ==> [/opt/rocm/hsa/include/hsa]
  collapse include dir [/usr/local/cuda/include] ==> [/usr/local/cuda/include]
  skipping relative include dir [.]
  collapse include dir [/opt/rocm-3.9.0/llvm/lib/clang/12.0.0/include/..] ==> [/opt/rocm-3.9.0/llvm/lib/clang/12.0.0]
  collapse include dir [/opt/rocm/hsa/include] ==> [/opt/rocm/hsa/include]
  collapse include dir [/opt/rocm/hip/include] ==> [/opt/rocm/hip/include]
  collapse include dir [/opt/rocm-3.9.0/llvm/lib/clang/12.0.0/include/cuda_wrappers] ==> [/opt/rocm-3.9.0/llvm/lib/clang/12.0.0/include/cuda_wrappers]
  collapse include dir [/opt/rocm/include] ==> [/opt/rocm/include]
  collapse include dir [/usr/lib/gcc/x86_64-linux-gnu/7.5.0/../../../../include/c++/7.5.0] ==> [/usr/include/c++/7.5.0]
  collapse include dir [/usr/lib/gcc/x86_64-linux-gnu/7.5.0/../../../../include/x86_64-linux-gnu/c++/7.5.0] ==> [/usr/include/x86_64-linux-gnu/c++/7.5.0]
  collapse include dir [/usr/lib/gcc/x86_64-linux-gnu/7.5.0/../../../../include/c++/7.5.0/backward] ==> [/usr/include/c++/7.5.0/backward]
  collapse include dir [/usr/local/include] ==> [/usr/local/include]
  collapse include dir [/opt/rocm-3.9.0/llvm/lib/clang/12.0.0/include] ==> [/opt/rocm-3.9.0/llvm/lib/clang/12.0.0/include]
  collapse include dir [/usr/include/x86_64-linux-gnu] ==> [/usr/include/x86_64-linux-gnu]
  collapse include dir [/usr/include] ==> [/usr/include]
  implicit include dirs: [/opt/rocm/rocfft/include;/opt/rocm/rocsparse/include;/opt/rocm/rocblas/include;/opt/rocm/opencl/include;/opt/rocm/rocm_smi/include;/opt/rocm/hsa/include/hsa;/usr/local/cuda/include;/opt/rocm-3.9.0/llvm/lib/clang/12.0.0;/opt/rocm/hsa/include;/opt/rocm/hip/include;/opt/rocm-3.9.0/llvm/lib/clang/12.0.0/include/cuda_wrappers;/opt/rocm/include;/usr/include/c++/7.5.0;/usr/include/x86_64-linux-gnu/c++/7.5.0;/usr/include/c++/7.5.0/backward;/usr/local/include;/opt/rocm-3.9.0/llvm/lib/clang/12.0.0/include;/usr/include/x86_64-linux-gnu;/usr/include]


Parsed CXX implicit link information from above output:
  link line regex: [^( *|.*[/\])(ld|CMAKE_LINK_STARTFILE-NOTFOUND|([^/\]+-)?ld|collect2)[^/\]*( |$)]
  ignore line: [Change Dir: /home/ugrad/ugrad003/roctosycl/rocFFT/builddir/CMakeFiles/CMakeTmp]
  ignore line: []
  ignore line: [Run Build Command(s):/usr/bin/make cmTC_65b0a/fast && /usr/bin/make  -f CMakeFiles/cmTC_65b0a.dir/build.make CMakeFiles/cmTC_65b0a.dir/build]
  ignore line: [make[1]: Entering directory '/home/ugrad/ugrad003/roctosycl/rocFFT/builddir/CMakeFiles/CMakeTmp']
  ignore line: [Building CXX object CMakeFiles/cmTC_65b0a.dir/CMakeCXXCompilerABI.cpp.o]
  ignore line: [/opt/rocm/bin/hipcc    -v -o CMakeFiles/cmTC_65b0a.dir/CMakeCXXCompilerABI.cpp.o -c /usr/share/cmake-3.17/Modules/CMakeCXXCompilerABI.cpp]
  ignore line: [clang version 12.0.0 (/src/external/llvm-project/clang 60f39e2924d51c1e8606f2135f95e9047fb1da5d)]
  ignore line: [Target: x86_64-unknown-linux-gnu]
  ignore line: [Thread model: posix]
  ignore line: [InstalledDir: /opt/rocm/llvm/bin]
  ignore line: [Found candidate GCC installation: /usr/lib/gcc/x86_64-linux-gnu/7]
  ignore line: [Found candidate GCC installation: /usr/lib/gcc/x86_64-linux-gnu/7.5.0]
  ignore line: [Found candidate GCC installation: /usr/lib/gcc/x86_64-linux-gnu/8]
  ignore line: [Selected GCC installation: /usr/lib/gcc/x86_64-linux-gnu/7.5.0]
  ignore line: [Candidate multilib: .]
  ignore line: [@m64]
  ignore line: [Candidate multilib: 32]
  ignore line: [@m32]
  ignore line: [Candidate multilib: x32]
  ignore line: [@mx32]
  ignore line: [Selected multilib: .]
  ignore line: [@m64]
  ignore line: [Found CUDA installation: /usr/local/cuda-10.2  version 10.2]
  ignore line: [Found HIP installation: /opt/rocm  version 3.9.20412-6d111f85]
  ignore line: [ "/opt/rocm-3.9.0/llvm/bin/clang-12" -cc1 -triple amdgcn-amd-amdhsa -aux-triple x86_64-unknown-linux-gnu -emit-obj --mrelax-relocations -disable-free -disable-llvm-verifier -discard-value-names -main-file-name CMakeCXXCompilerABI.cpp -mrelocation-model pic -pic-level 1 -mframe-pointer=none -fdenormal-fp-math-f32=preserve-sign preserve-sign -fno-rounding-math -mconstructor-aliases -aux-target-cpu x86-64 -fcuda-is-device -mllvm -amdgpu-internalize-symbols -fcuda-allow-variadic-functions -fvisibility hidden -fapply-global-visibility-to-externs -mlink-builtin-bitcode /opt/rocm/amdgcn/bitcode/hip.bc -mlink-builtin-bitcode /opt/rocm/amdgcn/bitcode/ocml.bc -mlink-builtin-bitcode /opt/rocm/amdgcn/bitcode/ockl.bc -mlink-builtin-bitcode /opt/rocm/amdgcn/bitcode/oclc_daz_opt_on.bc -mlink-builtin-bitcode /opt/rocm/amdgcn/bitcode/oclc_unsafe_math_off.bc -mlink-builtin-bitcode /opt/rocm/amdgcn/bitcode/oclc_finite_only_off.bc -mlink-builtin-bitcode /opt/rocm/amdgcn/bitcode/oclc_correctly_rounded_sqrt_on.bc -mlink-builtin-bitcode /opt/rocm/amdgcn/bitcode/oclc_wavefrontsize64_on.bc -mlink-builtin-bitcode /opt/rocm/amdgcn/bitcode/oclc_isa_version_803.bc -target-cpu gfx803 -fno-split-dwarf-inlining -debugger-tuning=gdb -v -resource-dir /opt/rocm-3.9.0/llvm/lib/clang/12.0.0 -internal-isystem /opt/rocm-3.9.0/llvm/lib/clang/12.0.0/include/cuda_wrappers -internal-isystem /opt/rocm/include -include __clang_hip_runtime_wrapper.h -isystem /opt/rocm-3.9.0/llvm/lib/clang/12.0.0/include/.. -isystem /opt/rocm/hsa/include -isystem /opt/rocm/hip/include -D __HIP_ROCclr__ -D __HIP_ROCclr__ -I/opt/rocm/rocfft/include -I/opt/rocm/rocsparse/include -I/opt/rocm/rocblas/include -I/opt/rocm/hip/include -I/opt/rocm/hcc/include -I/opt/rocm/opencl/include -I/opt/rocm/rocm_smi/include -I/opt/rocm/hsa/include/hsa -I/opt/rocm/hsa/include -I/opt/rocm/include -I/usr/local/cuda/include -I. -internal-isystem /usr/lib/gcc/x86_64-linux-gnu/7.5.0/../../../../include/c++/7.5.0 -internal-isystem /usr/lib/gcc/x86_64-linux-gnu/7.5.0/../../../../include/x86_64-linux-gnu/c++/7.5.0 -internal-isystem /usr/lib/gcc/x86_64-linux-gnu/7.5.0/../../../../include/x86_64-linux-gnu/c++/7.5.0 -internal-isystem /usr/lib/gcc/x86_64-linux-gnu/7.5.0/../../../../include/c++/7.5.0/backward -internal-isystem /usr/lib/gcc/x86_64-linux-gnu/7.5.0/../../../../include/c++/7.5.0 -internal-isystem /usr/lib/gcc/x86_64-linux-gnu/7.5.0/../../../../include/x86_64-linux-gnu/c++/7.5.0 -internal-isystem /usr/lib/gcc/x86_64-linux-gnu/7.5.0/../../../../include/x86_64-linux-gnu/c++/7.5.0 -internal-isystem /usr/lib/gcc/x86_64-linux-gnu/7.5.0/../../../../include/c++/7.5.0/backward -internal-isystem /usr/local/include -internal-isystem /opt/rocm-3.9.0/llvm/lib/clang/12.0.0/include -internal-externc-isystem /usr/include/x86_64-linux-gnu -internal-externc-isystem /include -internal-externc-isystem /usr/include -internal-isystem /usr/local/include -internal-isystem /opt/rocm-3.9.0/llvm/lib/clang/12.0.0/include -internal-externc-isystem /usr/include/x86_64-linux-gnu -internal-externc-isystem /include -internal-externc-isystem /usr/include -O3 -std=c++11 -fdeprecated-macro -fno-autolink -fdebug-compilation-dir /home/ugrad/ugrad003/roctosycl/rocFFT/builddir/CMakeFiles/CMakeTmp -ferror-limit 19 -fhip-new-launch-api -fgnuc-version=4.2.1 -fcxx-exceptions -fexceptions -vectorize-loops -vectorize-slp -mllvm -amdgpu-early-inline-all=true -mllvm -amdgpu-function-calls=false -fcuda-allow-variadic-functions -faddrsig -o /tmp/CMakeCXXCompilerABI-gfx803-89f163.o -x hip /usr/share/cmake-3.17/Modules/CMakeCXXCompilerABI.cpp]
  ignore line: [clang -cc1 version 12.0.0 based upon LLVM 12.0.0git default target x86_64-unknown-linux-gnu]
  ignore line: [ignoring nonexistent directory "/opt/rocm/hcc/include"]
  ignore line: [ignoring nonexistent directory "/include"]
  ignore line: [ignoring nonexistent directory "/include"]
  ignore line: [ignoring duplicate directory "/opt/rocm/hsa/include"]
  ignore line: [  as it is a non-system directory that duplicates a system directory]
  ignore line: [ignoring duplicate directory "/opt/rocm/hip/include"]
  ignore line: [  as it is a non-system directory that duplicates a system directory]
  ignore line: [ignoring duplicate directory "/opt/rocm/include"]
  ignore line: [  as it is a non-system directory that duplicates a system directory]
  ignore line: [ignoring duplicate directory "/usr/lib/gcc/x86_64-linux-gnu/7.5.0/../../../../include/x86_64-linux-gnu/c++/7.5.0"]
  ignore line: [ignoring duplicate directory "/usr/lib/gcc/x86_64-linux-gnu/7.5.0/../../../../include/c++/7.5.0"]
  ignore line: [ignoring duplicate directory "/usr/lib/gcc/x86_64-linux-gnu/7.5.0/../../../../include/x86_64-linux-gnu/c++/7.5.0"]
  ignore line: [ignoring duplicate directory "/usr/lib/gcc/x86_64-linux-gnu/7.5.0/../../../../include/x86_64-linux-gnu/c++/7.5.0"]
  ignore line: [ignoring duplicate directory "/usr/lib/gcc/x86_64-linux-gnu/7.5.0/../../../../include/c++/7.5.0/backward"]
  ignore line: [ignoring duplicate directory "/usr/local/include"]
  ignore line: [ignoring duplicate directory "/opt/rocm-3.9.0/llvm/lib/clang/12.0.0/include"]
  ignore line: [ignoring duplicate directory "/usr/include/x86_64-linux-gnu"]
  ignore line: [ignoring duplicate directory "/usr/include"]
  ignore line: [ignoring duplicate directory "/usr/local/include"]
  ignore line: [ignoring duplicate directory "/opt/rocm-3.9.0/llvm/lib/clang/12.0.0/include"]
  ignore line: [ignoring duplicate directory "/usr/include"]
  ignore line: [#include "..." search starts here:]
  ignore line: [#include <...> search starts here:]
  ignore line: [ /opt/rocm/rocfft/include]
  ignore line: [ /opt/rocm/rocsparse/include]
  ignore line: [ /opt/rocm/rocblas/include]
  ignore line: [ /opt/rocm/opencl/include]
  ignore line: [ /opt/rocm/rocm_smi/include]
  ignore line: [ /opt/rocm/hsa/include/hsa]
  ignore line: [ /usr/local/cuda/include]
  ignore line: [ .]
  ignore line: [ /opt/rocm-3.9.0/llvm/lib/clang/12.0.0/include/..]
  ignore line: [ /opt/rocm/hsa/include]
  ignore line: [ /opt/rocm/hip/include]
  ignore line: [ /opt/rocm-3.9.0/llvm/lib/clang/12.0.0/include/cuda_wrappers]
  ignore line: [ /opt/rocm/include]
  ignore line: [ /usr/lib/gcc/x86_64-linux-gnu/7.5.0/../../../../include/c++/7.5.0]
  ignore line: [ /usr/lib/gcc/x86_64-linux-gnu/7.5.0/../../../../include/x86_64-linux-gnu/c++/7.5.0]
  ignore line: [ /usr/lib/gcc/x86_64-linux-gnu/7.5.0/../../../../include/c++/7.5.0/backward]
  ignore line: [ /usr/local/include]
  ignore line: [ /opt/rocm-3.9.0/llvm/lib/clang/12.0.0/include]
  ignore line: [ /usr/include/x86_64-linux-gnu]
  ignore line: [ /usr/include]
  ignore line: [End of search list.]
  ignore line: [ "/opt/rocm/llvm/bin/lld" -flavor gnu --no-undefined -shared -plugin-opt=-amdgpu-internalize-symbols -plugin-opt=mcpu=gfx803 -plugin-opt=O3 -plugin-opt=-amdgpu-early-inline-all=true -plugin-opt=-amdgpu-function-calls=false -o /tmp/CMakeCXXCompilerABI-gfx803-08b313.out /tmp/CMakeCXXCompilerABI-gfx803-89f163.o]
  ignore line: [ "/opt/rocm/llvm/bin/clang-offload-bundler" -type=o -targets=host-x86_64-unknown-linux hip-amdgcn-amd-amdhsa-gfx803 -inputs=/dev/null /tmp/CMakeCXXCompilerABI-gfx803-08b313.out -outputs=/tmp/CMakeCXXCompilerABI-0120b1.hipfb]
  ignore line: [ "/opt/rocm-3.9.0/llvm/bin/clang-12" -cc1 -triple x86_64-unknown-linux-gnu -aux-triple amdgcn-amd-amdhsa -emit-obj --mrelax-relocations -disable-free -disable-llvm-verifier -discard-value-names -main-file-name CMakeCXXCompilerABI.cpp -mrelocation-model static -mframe-pointer=none -fmath-errno -fno-rounding-math -mconstructor-aliases -munwind-tables -target-cpu x86-64 -fno-split-dwarf-inlining -debugger-tuning=gdb -v -resource-dir /opt/rocm-3.9.0/llvm/lib/clang/12.0.0 -internal-isystem /opt/rocm-3.9.0/llvm/lib/clang/12.0.0/include/cuda_wrappers -internal-isystem /opt/rocm/include -include __clang_hip_runtime_wrapper.h -isystem /opt/rocm-3.9.0/llvm/lib/clang/12.0.0/include/.. -isystem /opt/rocm/hsa/include -isystem /opt/rocm/hip/include -D __HIP_ROCclr__ -D __HIP_ROCclr__ -I/opt/rocm/rocfft/include -I/opt/rocm/rocsparse/include -I/opt/rocm/rocblas/include -I/opt/rocm/hip/include -I/opt/rocm/hcc/include -I/opt/rocm/opencl/include -I/opt/rocm/rocm_smi/include -I/opt/rocm/hsa/include/hsa -I/opt/rocm/hsa/include -I/opt/rocm/include -I/usr/local/cuda/include -I. -internal-isystem /usr/lib/gcc/x86_64-linux-gnu/7.5.0/../../../../include/c++/7.5.0 -internal-isystem /usr/lib/gcc/x86_64-linux-gnu/7.5.0/../../../../include/x86_64-linux-gnu/c++/7.5.0 -internal-isystem /usr/lib/gcc/x86_64-linux-gnu/7.5.0/../../../../include/x86_64-linux-gnu/c++/7.5.0 -internal-isystem /usr/lib/gcc/x86_64-linux-gnu/7.5.0/../../../../include/c++/7.5.0/backward -internal-isystem /usr/lib/gcc/x86_64-linux-gnu/7.5.0/../../../../include/c++/7.5.0 -internal-isystem /usr/lib/gcc/x86_64-linux-gnu/7.5.0/../../../../include/x86_64-linux-gnu/c++/7.5.0 -internal-isystem /usr/lib/gcc/x86_64-linux-gnu/7.5.0/../../../../include/x86_64-linux-gnu/c++/7.5.0 -internal-isystem /usr/lib/gcc/x86_64-linux-gnu/7.5.0/../../../../include/c++/7.5.0/backward -internal-isystem /usr/local/include -internal-isystem /opt/rocm-3.9.0/llvm/lib/clang/12.0.0/include -internal-externc-isystem /usr/include/x86_64-linux-gnu -internal-externc-isystem /include -internal-externc-isystem /usr/include -internal-isystem /usr/local/include -internal-isystem /opt/rocm-3.9.0/llvm/lib/clang/12.0.0/include -internal-externc-isystem /usr/include/x86_64-linux-gnu -internal-externc-isystem /include -internal-externc-isystem /usr/include -O3 -std=c++11 -fdeprecated-macro -fdebug-compilation-dir /home/ugrad/ugrad003/roctosycl/rocFFT/builddir/CMakeFiles/CMakeTmp -ferror-limit 19 -fhip-new-launch-api -fgnuc-version=4.2.1 -fcxx-exceptions -fexceptions -vectorize-loops -vectorize-slp -mllvm -amdgpu-early-inline-all=true -mllvm -amdgpu-function-calls=false -fcuda-include-gpubinary /tmp/CMakeCXXCompilerABI-0120b1.hipfb -fcuda-allow-variadic-functions -faddrsig -o CMakeFiles/cmTC_65b0a.dir/CMakeCXXCompilerABI.cpp.o -x hip /usr/share/cmake-3.17/Modules/CMakeCXXCompilerABI.cpp]
  ignore line: [clang -cc1 version 12.0.0 based upon LLVM 12.0.0git default target x86_64-unknown-linux-gnu]
  ignore line: [ignoring nonexistent directory "/opt/rocm/hcc/include"]
  ignore line: [ignoring nonexistent directory "/include"]
  ignore line: [ignoring nonexistent directory "/include"]
  ignore line: [ignoring duplicate directory "/opt/rocm/hsa/include"]
  ignore line: [  as it is a non-system directory that duplicates a system directory]
  ignore line: [ignoring duplicate directory "/opt/rocm/hip/include"]
  ignore line: [  as it is a non-system directory that duplicates a system directory]
  ignore line: [ignoring duplicate directory "/opt/rocm/include"]
  ignore line: [  as it is a non-system directory that duplicates a system directory]
  ignore line: [ignoring duplicate directory "/usr/lib/gcc/x86_64-linux-gnu/7.5.0/../../../../include/x86_64-linux-gnu/c++/7.5.0"]
  ignore line: [ignoring duplicate directory "/usr/lib/gcc/x86_64-linux-gnu/7.5.0/../../../../include/c++/7.5.0"]
  ignore line: [ignoring duplicate directory "/usr/lib/gcc/x86_64-linux-gnu/7.5.0/../../../../include/x86_64-linux-gnu/c++/7.5.0"]
  ignore line: [ignoring duplicate directory "/usr/lib/gcc/x86_64-linux-gnu/7.5.0/../../../../include/x86_64-linux-gnu/c++/7.5.0"]
  ignore line: [ignoring duplicate directory "/usr/lib/gcc/x86_64-linux-gnu/7.5.0/../../../../include/c++/7.5.0/backward"]
  ignore line: [ignoring duplicate directory "/usr/local/include"]
  ignore line: [ignoring duplicate directory "/opt/rocm-3.9.0/llvm/lib/clang/12.0.0/include"]
  ignore line: [ignoring duplicate directory "/usr/include/x86_64-linux-gnu"]
  ignore line: [ignoring duplicate directory "/usr/include"]
  ignore line: [#include "..." search starts here:]
  ignore line: [#include <...> search starts here:]
  ignore line: [ /opt/rocm/rocfft/include]
  ignore line: [ /opt/rocm/rocsparse/include]
  ignore line: [ /opt/rocm/rocblas/include]
  ignore line: [ /opt/rocm/opencl/include]
  ignore line: [ /opt/rocm/rocm_smi/include]
  ignore line: [ /opt/rocm/hsa/include/hsa]
  ignore line: [ /usr/local/cuda/include]
  ignore line: [ .]
  ignore line: [ /opt/rocm-3.9.0/llvm/lib/clang/12.0.0/include/..]
  ignore line: [ /opt/rocm/hsa/include]
  ignore line: [ /opt/rocm/hip/include]
  ignore line: [ /opt/rocm-3.9.0/llvm/lib/clang/12.0.0/include/cuda_wrappers]
  ignore line: [ /opt/rocm/include]
  ignore line: [ /usr/lib/gcc/x86_64-linux-gnu/7.5.0/../../../../include/c++/7.5.0]
  ignore line: [ /usr/lib/gcc/x86_64-linux-gnu/7.5.0/../../../../include/x86_64-linux-gnu/c++/7.5.0]
  ignore line: [ /usr/lib/gcc/x86_64-linux-gnu/7.5.0/../../../../include/c++/7.5.0/backward]
  ignore line: [ /usr/local/include]
  ignore line: [ /opt/rocm-3.9.0/llvm/lib/clang/12.0.0/include]
  ignore line: [ /usr/include/x86_64-linux-gnu]
  ignore line: [ /usr/include]
  ignore line: [End of search list.]
  ignore line: [Linking CXX executable cmTC_65b0a]
  ignore line: [/usr/bin/cmake -E cmake_link_script CMakeFiles/cmTC_65b0a.dir/link.txt --verbose=1]
  ignore line: [/opt/rocm/bin/hipcc      -v CMakeFiles/cmTC_65b0a.dir/CMakeCXXCompilerABI.cpp.o  -o cmTC_65b0a ]
  ignore line: [clang version 12.0.0 (/src/external/llvm-project/clang 60f39e2924d51c1e8606f2135f95e9047fb1da5d)]
  ignore line: [Target: x86_64-unknown-linux-gnu]
  ignore line: [Thread model: posix]
  ignore line: [InstalledDir: /opt/rocm/llvm/bin]
  ignore line: [Found candidate GCC installation: /usr/lib/gcc/x86_64-linux-gnu/7]
  ignore line: [Found candidate GCC installation: /usr/lib/gcc/x86_64-linux-gnu/7.5.0]
  ignore line: [Found candidate GCC installation: /usr/lib/gcc/x86_64-linux-gnu/8]
  ignore line: [Selected GCC installation: /usr/lib/gcc/x86_64-linux-gnu/7.5.0]
  ignore line: [Candidate multilib: .]
  ignore line: [@m64]
  ignore line: [Candidate multilib: 32]
  ignore line: [@m32]
  ignore line: [Candidate multilib: x32]
  ignore line: [@mx32]
  ignore line: [Selected multilib: .]
  ignore line: [@m64]
  ignore line: [Found CUDA installation: /usr/local/cuda-10.2  version 10.2]
  ignore line: [Found HIP installation: /opt/rocm  version 3.9.20412-6d111f85]
  link line: [ "/usr/bin/ld" -z relro --hash-style=gnu --eh-frame-hdr -m elf_x86_64 -dynamic-linker /lib64/ld-linux-x86-64.so.2 -o cmTC_65b0a /usr/lib/gcc/x86_64-linux-gnu/7.5.0/../../../x86_64-linux-gnu/crt1.o /usr/lib/gcc/x86_64-linux-gnu/7.5.0/../../../x86_64-linux-gnu/crti.o /usr/lib/gcc/x86_64-linux-gnu/7.5.0/crtbegin.o -L/opt/rocm/hip/lib -L/opt/rocm/llvm/bin/../lib/clang/12.0.0/lib/linux -L/usr/lib/gcc/x86_64-linux-gnu/7.5.0 -L/usr/lib/gcc/x86_64-linux-gnu/7.5.0/../../../x86_64-linux-gnu -L/lib/x86_64-linux-gnu -L/lib/../lib64 -L/usr/lib/x86_64-linux-gnu -L/usr/lib/gcc/x86_64-linux-gnu/7.5.0/../../.. -L/opt/rocm-3.9.0/llvm/bin/../lib -L/lib -L/usr/lib -L/opt/rocm/rocfft/lib -L/opt/rocm/rocsparse/lib -L/opt/rocm/rocblas/lib -L/opt/rocm/hip/lib -L/opt/rocm/hcc/lib -L/opt/rocm/opencl/lib/x86_64 -L/opt/rocm/rocm_smi/lib -L/opt/rocm/hsa/lib -L/opt/rocm/lib -L/usr/local/cuda/lib64/stubs -lgcc_s -lgcc -lpthread -lm CMakeFiles/cmTC_65b0a.dir/CMakeCXXCompilerABI.cpp.o --enable-new-dtags --rpath=/opt/rocm/hip/lib:/opt/rocm/lib -lamdhip64 -lclang_rt.builtins-x86_64 -lstdc++ -lm -lgcc_s -lgcc -lc -lgcc_s -lgcc /usr/lib/gcc/x86_64-linux-gnu/7.5.0/crtend.o /usr/lib/gcc/x86_64-linux-gnu/7.5.0/../../../x86_64-linux-gnu/crtn.o]
    arg [/usr/bin/ld] ==> ignore
    arg [-zrelro] ==> ignore
    arg [--hash-style=gnu] ==> ignore
    arg [--eh-frame-hdr] ==> ignore
    arg [-m] ==> ignore
    arg [elf_x86_64] ==> ignore
    arg [-dynamic-linker] ==> ignore
    arg [/lib64/ld-linux-x86-64.so.2] ==> ignore
    arg [-o] ==> ignore
    arg [cmTC_65b0a] ==> ignore
    arg [/usr/lib/gcc/x86_64-linux-gnu/7.5.0/../../../x86_64-linux-gnu/crt1.o] ==> ignore
    arg [/usr/lib/gcc/x86_64-linux-gnu/7.5.0/../../../x86_64-linux-gnu/crti.o] ==> ignore
    arg [/usr/lib/gcc/x86_64-linux-gnu/7.5.0/crtbegin.o] ==> ignore
    arg [-L/opt/rocm/hip/lib] ==> dir [/opt/rocm/hip/lib]
    arg [-L/opt/rocm/llvm/bin/../lib/clang/12.0.0/lib/linux] ==> dir [/opt/rocm/llvm/bin/../lib/clang/12.0.0/lib/linux]
    arg [-L/usr/lib/gcc/x86_64-linux-gnu/7.5.0] ==> dir [/usr/lib/gcc/x86_64-linux-gnu/7.5.0]
    arg [-L/usr/lib/gcc/x86_64-linux-gnu/7.5.0/../../../x86_64-linux-gnu] ==> dir [/usr/lib/gcc/x86_64-linux-gnu/7.5.0/../../../x86_64-linux-gnu]
    arg [-L/lib/x86_64-linux-gnu] ==> dir [/lib/x86_64-linux-gnu]
    arg [-L/lib/../lib64] ==> dir [/lib/../lib64]
    arg [-L/usr/lib/x86_64-linux-gnu] ==> dir [/usr/lib/x86_64-linux-gnu]
    arg [-L/usr/lib/gcc/x86_64-linux-gnu/7.5.0/../../..] ==> dir [/usr/lib/gcc/x86_64-linux-gnu/7.5.0/../../..]
    arg [-L/opt/rocm-3.9.0/llvm/bin/../lib] ==> dir [/opt/rocm-3.9.0/llvm/bin/../lib]
    arg [-L/lib] ==> dir [/lib]
    arg [-L/usr/lib] ==> dir [/usr/lib]
    arg [-L/opt/rocm/rocfft/lib] ==> dir [/opt/rocm/rocfft/lib]
    arg [-L/opt/rocm/rocsparse/lib] ==> dir [/opt/rocm/rocsparse/lib]
    arg [-L/opt/rocm/rocblas/lib] ==> dir [/opt/rocm/rocblas/lib]
    arg [-L/opt/rocm/hip/lib] ==> dir [/opt/rocm/hip/lib]
    arg [-L/opt/rocm/hcc/lib] ==> dir [/opt/rocm/hcc/lib]
    arg [-L/opt/rocm/opencl/lib/x86_64] ==> dir [/opt/rocm/opencl/lib/x86_64]
    arg [-L/opt/rocm/rocm_smi/lib] ==> dir [/opt/rocm/rocm_smi/lib]
    arg [-L/opt/rocm/hsa/lib] ==> dir [/opt/rocm/hsa/lib]
    arg [-L/opt/rocm/lib] ==> dir [/opt/rocm/lib]
    arg [-L/usr/local/cuda/lib64/stubs] ==> dir [/usr/local/cuda/lib64/stubs]
    arg [-lgcc_s] ==> lib [gcc_s]
    arg [-lgcc] ==> lib [gcc]
    arg [-lpthread] ==> lib [pthread]
    arg [-lm] ==> lib [m]
    arg [CMakeFiles/cmTC_65b0a.dir/CMakeCXXCompilerABI.cpp.o] ==> ignore
    arg [--enable-new-dtags] ==> ignore
    arg [--rpath=/opt/rocm/hip/lib:/opt/rocm/lib] ==> ignore
    arg [-lamdhip64] ==> lib [amdhip64]
    arg [-lclang_rt.builtins-x86_64] ==> lib [clang_rt.builtins-x86_64]
    arg [-lstdc++] ==> lib [stdc++]
    arg [-lm] ==> lib [m]
    arg [-lgcc_s] ==> lib [gcc_s]
    arg [-lgcc] ==> lib [gcc]
    arg [-lc] ==> lib [c]
    arg [-lgcc_s] ==> lib [gcc_s]
    arg [-lgcc] ==> lib [gcc]
    arg [/usr/lib/gcc/x86_64-linux-gnu/7.5.0/crtend.o] ==> ignore
    arg [/usr/lib/gcc/x86_64-linux-gnu/7.5.0/../../../x86_64-linux-gnu/crtn.o] ==> ignore
  collapse library dir [/opt/rocm/hip/lib] ==> [/opt/rocm/hip/lib]
  collapse library dir [/opt/rocm/llvm/bin/../lib/clang/12.0.0/lib/linux] ==> [/opt/rocm/llvm/lib/clang/12.0.0/lib/linux]
  collapse library dir [/usr/lib/gcc/x86_64-linux-gnu/7.5.0] ==> [/usr/lib/gcc/x86_64-linux-gnu/7.5.0]
  collapse library dir [/usr/lib/gcc/x86_64-linux-gnu/7.5.0/../../../x86_64-linux-gnu] ==> [/usr/lib/x86_64-linux-gnu]
  collapse library dir [/lib/x86_64-linux-gnu] ==> [/lib/x86_64-linux-gnu]
  collapse library dir [/lib/../lib64] ==> [/lib64]
  collapse library dir [/usr/lib/x86_64-linux-gnu] ==> [/usr/lib/x86_64-linux-gnu]
  collapse library dir [/usr/lib/gcc/x86_64-linux-gnu/7.5.0/../../..] ==> [/usr/lib]
  collapse library dir [/opt/rocm-3.9.0/llvm/bin/../lib] ==> [/opt/rocm-3.9.0/llvm/lib]
  collapse library dir [/lib] ==> [/lib]
  collapse library dir [/usr/lib] ==> [/usr/lib]
  collapse library dir [/opt/rocm/rocfft/lib] ==> [/opt/rocm/rocfft/lib]
  collapse library dir [/opt/rocm/rocsparse/lib] ==> [/opt/rocm/rocsparse/lib]
  collapse library dir [/opt/rocm/rocblas/lib] ==> [/opt/rocm/rocblas/lib]
  collapse library dir [/opt/rocm/hip/lib] ==> [/opt/rocm/hip/lib]
  collapse library dir [/opt/rocm/hcc/lib] ==> [/opt/rocm/hcc/lib]
  collapse library dir [/opt/rocm/opencl/lib/x86_64] ==> [/opt/rocm/opencl/lib/x86_64]
  collapse library dir [/opt/rocm/rocm_smi/lib] ==> [/opt/rocm/rocm_smi/lib]
  collapse library dir [/opt/rocm/hsa/lib] ==> [/opt/rocm/hsa/lib]
  collapse library dir [/opt/rocm/lib] ==> [/opt/rocm/lib]
  collapse library dir [/usr/local/cuda/lib64/stubs] ==> [/usr/local/cuda/lib64/stubs]
  implicit libs: [gcc_s;gcc;pthread;m;amdhip64;clang_rt.builtins-x86_64;stdc++;m;gcc_s;gcc;c;gcc_s;gcc]
  implicit dirs: [/opt/rocm/hip/lib;/opt/rocm/llvm/lib/clang/12.0.0/lib/linux;/usr/lib/gcc/x86_64-linux-gnu/7.5.0;/usr/lib/x86_64-linux-gnu;/lib/x86_64-linux-gnu;/lib64;/usr/lib;/opt/rocm-3.9.0/llvm/lib;/lib;/opt/rocm/rocfft/lib;/opt/rocm/rocsparse/lib;/opt/rocm/rocblas/lib;/opt/rocm/hcc/lib;/opt/rocm/opencl/lib/x86_64;/opt/rocm/rocm_smi/lib;/opt/rocm/hsa/lib;/opt/rocm/lib;/usr/local/cuda/lib64/stubs]
  implicit fwks: []


Determining if the include file pthread.h exists passed with the following output:
Change Dir: /home/ugrad/ugrad003/roctosycl/rocFFT/builddir/CMakeFiles/CMakeTmp

Run Build Command(s):/usr/bin/make cmTC_7cc6d/fast && /usr/bin/make  -f CMakeFiles/cmTC_7cc6d.dir/build.make CMakeFiles/cmTC_7cc6d.dir/build
make[1]: Entering directory '/home/ugrad/ugrad003/roctosycl/rocFFT/builddir/CMakeFiles/CMakeTmp'
Building CXX object CMakeFiles/cmTC_7cc6d.dir/CheckIncludeFile.cxx.o
/opt/rocm/bin/hipcc     -o CMakeFiles/cmTC_7cc6d.dir/CheckIncludeFile.cxx.o -c /home/ugrad/ugrad003/roctosycl/rocFFT/builddir/CMakeFiles/CMakeTmp/CheckIncludeFile.cxx
Linking CXX executable cmTC_7cc6d
/usr/bin/cmake -E cmake_link_script CMakeFiles/cmTC_7cc6d.dir/link.txt --verbose=1
/opt/rocm/bin/hipcc       CMakeFiles/cmTC_7cc6d.dir/CheckIncludeFile.cxx.o  -o cmTC_7cc6d 
make[1]: Leaving directory '/home/ugrad/ugrad003/roctosycl/rocFFT/builddir/CMakeFiles/CMakeTmp'



Performing C++ SOURCE FILE Test HIP_CLANG_SUPPORTS_PARALLEL_JOBS succeeded with the following output:
Change Dir: /home/ugrad/ugrad003/roctosycl/rocFFT/builddir/CMakeFiles/CMakeTmp

Run Build Command(s):/usr/bin/make cmTC_c4c2f/fast && /usr/bin/make  -f CMakeFiles/cmTC_c4c2f.dir/build.make CMakeFiles/cmTC_c4c2f.dir/build
make[1]: Entering directory '/home/ugrad/ugrad003/roctosycl/rocFFT/builddir/CMakeFiles/CMakeTmp'
Building CXX object CMakeFiles/cmTC_c4c2f.dir/src.cxx.o
/opt/rocm/bin/hipcc    -DHIP_CLANG_SUPPORTS_PARALLEL_JOBS   -parallel-jobs=1 -o CMakeFiles/cmTC_c4c2f.dir/src.cxx.o -c /home/ugrad/ugrad003/roctosycl/rocFFT/builddir/CMakeFiles/CMakeTmp/src.cxx
Linking CXX executable cmTC_c4c2f
/usr/bin/cmake -E cmake_link_script CMakeFiles/cmTC_c4c2f.dir/link.txt --verbose=1
/opt/rocm/bin/hipcc   -DHIP_CLANG_SUPPORTS_PARALLEL_JOBS    CMakeFiles/cmTC_c4c2f.dir/src.cxx.o  -o cmTC_c4c2f 
make[1]: Leaving directory '/home/ugrad/ugrad003/roctosycl/rocFFT/builddir/CMakeFiles/CMakeTmp'


Source file was:
int main() { return 0; }
Performing C++ SOURCE FILE Test COMPILER_HAS_HIDDEN_VISIBILITY succeeded with the following output:
Change Dir: /home/ugrad/ugrad003/roctosycl/rocFFT/builddir/CMakeFiles/CMakeTmp

Run Build Command(s):/usr/bin/make cmTC_df07f/fast && /usr/bin/make  -f CMakeFiles/cmTC_df07f.dir/build.make CMakeFiles/cmTC_df07f.dir/build
make[1]: Entering directory '/home/ugrad/ugrad003/roctosycl/rocFFT/builddir/CMakeFiles/CMakeTmp'
Building CXX object CMakeFiles/cmTC_df07f.dir/src.cxx.o
/opt/rocm/bin/hipcc    -DCOMPILER_HAS_HIDDEN_VISIBILITY   -fvisibility=hidden -o CMakeFiles/cmTC_df07f.dir/src.cxx.o -c /home/ugrad/ugrad003/roctosycl/rocFFT/builddir/CMakeFiles/CMakeTmp/src.cxx
Linking CXX executable cmTC_df07f
/usr/bin/cmake -E cmake_link_script CMakeFiles/cmTC_df07f.dir/link.txt --verbose=1
/opt/rocm/bin/hipcc   -DCOMPILER_HAS_HIDDEN_VISIBILITY    CMakeFiles/cmTC_df07f.dir/src.cxx.o  -o cmTC_df07f 
make[1]: Leaving directory '/home/ugrad/ugrad003/roctosycl/rocFFT/builddir/CMakeFiles/CMakeTmp'


Source file was:
int main() { return 0; }
Performing C++ SOURCE FILE Test COMPILER_HAS_HIDDEN_INLINE_VISIBILITY succeeded with the following output:
Change Dir: /home/ugrad/ugrad003/roctosycl/rocFFT/builddir/CMakeFiles/CMakeTmp

Run Build Command(s):/usr/bin/make cmTC_b2955/fast && /usr/bin/make  -f CMakeFiles/cmTC_b2955.dir/build.make CMakeFiles/cmTC_b2955.dir/build
make[1]: Entering directory '/home/ugrad/ugrad003/roctosycl/rocFFT/builddir/CMakeFiles/CMakeTmp'
Building CXX object CMakeFiles/cmTC_b2955.dir/src.cxx.o
/opt/rocm/bin/hipcc    -DCOMPILER_HAS_HIDDEN_INLINE_VISIBILITY   -fvisibility-inlines-hidden -o CMakeFiles/cmTC_b2955.dir/src.cxx.o -c /home/ugrad/ugrad003/roctosycl/rocFFT/builddir/CMakeFiles/CMakeTmp/src.cxx
Linking CXX executable cmTC_b2955
/usr/bin/cmake -E cmake_link_script CMakeFiles/cmTC_b2955.dir/link.txt --verbose=1
/opt/rocm/bin/hipcc   -DCOMPILER_HAS_HIDDEN_INLINE_VISIBILITY    CMakeFiles/cmTC_b2955.dir/src.cxx.o  -o cmTC_b2955 
make[1]: Leaving directory '/home/ugrad/ugrad003/roctosycl/rocFFT/builddir/CMakeFiles/CMakeTmp'


Source file was:
int main() { return 0; }
Performing C++ SOURCE FILE Test COMPILER_HAS_DEPRECATED_ATTR succeeded with the following output:
Change Dir: /home/ugrad/ugrad003/roctosycl/rocFFT/builddir/CMakeFiles/CMakeTmp

Run Build Command(s):/usr/bin/make cmTC_14aad/fast && /usr/bin/make  -f CMakeFiles/cmTC_14aad.dir/build.make CMakeFiles/cmTC_14aad.dir/build
make[1]: Entering directory '/home/ugrad/ugrad003/roctosycl/rocFFT/builddir/CMakeFiles/CMakeTmp'
Building CXX object CMakeFiles/cmTC_14aad.dir/src.cxx.o
/opt/rocm/bin/hipcc    -DCOMPILER_HAS_DEPRECATED_ATTR   -o CMakeFiles/cmTC_14aad.dir/src.cxx.o -c /home/ugrad/ugrad003/roctosycl/rocFFT/builddir/CMakeFiles/CMakeTmp/src.cxx
/home/ugrad/ugrad003/roctosycl/rocFFT/builddir/CMakeFiles/CMakeTmp/src.cxx:2:25: warning: 'somefunc' is deprecated [-Wdeprecated-declarations]
    int main() { return somefunc();}
                        ^
/home/ugrad/ugrad003/roctosycl/rocFFT/builddir/CMakeFiles/CMakeTmp/src.cxx:1:16: note: 'somefunc' has been explicitly marked deprecated here
__attribute__((__deprecated__)) int somefunc() { return 0; }
               ^
1 warning generated when compiling for gfx803.
/home/ugrad/ugrad003/roctosycl/rocFFT/builddir/CMakeFiles/CMakeTmp/src.cxx:2:25: warning: 'somefunc' is deprecated [-Wdeprecated-declarations]
    int main() { return somefunc();}
                        ^
/home/ugrad/ugrad003/roctosycl/rocFFT/builddir/CMakeFiles/CMakeTmp/src.cxx:1:16: note: 'somefunc' has been explicitly marked deprecated here
__attribute__((__deprecated__)) int somefunc() { return 0; }
               ^
1 warning generated when compiling for host.
Linking CXX executable cmTC_14aad
/usr/bin/cmake -E cmake_link_script CMakeFiles/cmTC_14aad.dir/link.txt --verbose=1
/opt/rocm/bin/hipcc   -DCOMPILER_HAS_DEPRECATED_ATTR    CMakeFiles/cmTC_14aad.dir/src.cxx.o  -o cmTC_14aad 
make[1]: Leaving directory '/home/ugrad/ugrad003/roctosycl/rocFFT/builddir/CMakeFiles/CMakeTmp'


Source file was:
__attribute__((__deprecated__)) int somefunc() { return 0; }
    int main() { return somefunc();}
